[backblue.gif]
[fade.gif]
[index.html]
[browser.sentry-cdn.com/6.4.1/bundle.min.js]
[www.google-analytics.com/analytics.js]
[d13pxqgp3ixdbh.cloudfront.net/uploads/1606551150320fa9169fcc4c1f94ae4e3ace32c076.png]
[d13pxqgp3ixdbh.cloudfront.net/uploads/1606551152899cdd7386ef5ee959950fbf6065a739.png]
[d13pxqgp3ixdbh.cloudfront.net/uploads/1606551153c2cdcb7f849db2e75de04412d660bc9d.png]
[d13pxqgp3ixdbh.cloudfront.net/uploads/16065434239798c9df11c295fdb356956874a0d2b5.png]
[d13pxqgp3ixdbh.cloudfront.net/uploads/16065434146d775a7d23cc58e2d6b23d4d1a06d172.png]
[d13pxqgp3ixdbh.cloudfront.net/uploads/1606543419e1b53b498577c872d6a2e5773350e156.png]
[d13pxqgp3ixdbh.cloudfront.net/uploads/160654342264764427510f05a538212014cef43e9b.png]
[d13pxqgp3ixdbh.cloudfront.net/uploads/160654342301a40827a58875ccb9700b237a91d424.png]
[d13pxqgp3ixdbh.cloudfront.net/uploads/1606543420ea5047735efc7639334d97a3baed92dd.png]
[d13pxqgp3ixdbh.cloudfront.net/uploads/1606551152e9d6edaf79c15a583fe93fc12d7bd758.png]
[ajax.googleapis.com/ajax/libs/jquery/2.2.4/jquery.min.js]
[d12u7tum9sda5e.cloudfront.net/2d895c5.js]
[d13pxqgp3ixdbh.cloudfront.net/uploads/16064068176b354024b086875ff105db86761982ad.png]
[g4ming.cc/762e9ae.html]
[g4ming.cc/img/loading.html]
[g4ming.cc/easports15.html]
[g4ming.cc/easports15d41d.html]
[g4ming.cc/easports15-2.html]
[g4ming.cc/easports15-3.html]
[g4ming.cc/easports15-4.html]
[g4ming.cc/style.html]
[g4ming.cc/img/point.html]
[g4ming.cc/main.html]
[g4ming.cc/customTemplateGlobal.html]
